Generated at 2011-06-19 20:10:44 +0100
Chef::Exceptions::Package: yum_package[pstack] (marklogic::default line 14) had an error: No version specified, and no candidate version available for pstack
/usr/local/lib/ruby/gems/1.9.1/gems/chef-0.10.0/lib/chef/provider/package.rb:51:in `action_install'
/usr/local/lib/ruby/gems/1.9.1/gems/chef-0.10.0/lib/chef/resource.rb:417:in `run_action'
/usr/local/lib/ruby/gems/1.9.1/gems/chef-0.10.0/lib/chef/runner.rb:45:in `run_action'
/usr/local/lib/ruby/gems/1.9.1/gems/chef-0.10.0/lib/chef/runner.rb:78:in `block (2 levels) in converge'
/usr/local/lib/ruby/gems/1.9.1/gems/chef-0.10.0/lib/chef/runner.rb:78:in `each'
/usr/local/lib/ruby/gems/1.9.1/gems/chef-0.10.0/lib/chef/runner.rb:78:in `block in converge'
/usr/local/lib/ruby/gems/1.9.1/gems/chef-0.10.0/lib/chef/resource_collection.rb:94:in `block in execute_each_resource'
/usr/local/lib/ruby/gems/1.9.1/gems/chef-0.10.0/lib/chef/resource_collection/stepable_iterator.rb:116:in `call'
/usr/local/lib/ruby/gems/1.9.1/gems/chef-0.10.0/lib/chef/resource_collection/stepable_iterator.rb:116:in `call_iterator_block'
/usr/local/lib/ruby/gems/1.9.1/gems/chef-0.10.0/lib/chef/resource_collection/stepable_iterator.rb:85:in `step'
/usr/local/lib/ruby/gems/1.9.1/gems/chef-0.10.0/lib/chef/resource_collection/stepable_iterator.rb:104:in `iterate'
/usr/local/lib/ruby/gems/1.9.1/gems/chef-0.10.0/lib/chef/resource_collection/stepable_iterator.rb:55:in `each_with_index'
/usr/local/lib/ruby/gems/1.9.1/gems/chef-0.10.0/lib/chef/resource_collection.rb:92:in `execute_each_resource'
/usr/local/lib/ruby/gems/1.9.1/gems/chef-0.10.0/lib/chef/runner.rb:76:in `converge'
/usr/local/lib/ruby/gems/1.9.1/gems/chef-0.10.0/lib/chef/client.rb:312:in `converge'
/usr/local/lib/ruby/gems/1.9.1/gems/chef-0.10.0/lib/chef/client.rb:160:in `run'
/usr/local/lib/ruby/gems/1.9.1/gems/chef-0.10.0/lib/chef/application/solo.rb:192:in `block in run_application'
/usr/local/lib/ruby/gems/1.9.1/gems/chef-0.10.0/lib/chef/application/solo.rb:183:in `loop'
/usr/local/lib/ruby/gems/1.9.1/gems/chef-0.10.0/lib/chef/application/solo.rb:183:in `run_application'
/usr/local/lib/ruby/gems/1.9.1/gems/chef-0.10.0/lib/chef/application.rb:66:in `run'
/usr/local/lib/ruby/gems/1.9.1/gems/chef-0.10.0/bin/chef-solo:25:in `<top (required)>'
/usr/bin/chef-solo:19:in `load'
/usr/bin/chef-solo:19:in `<main>'